<?xml version="1.0" encoding="UTF-8"?>
<!-- Generated by org.testng.reporters.JUnitReportReporter -->
<testsuite hostname="GKumar" name="jenkinsSample.SampleJenkins" tests="1" failures="0" timestamp="29 Aug 2017 18:08:08 GMT" time="6.442" errors="0">
  <testcase name="sampleProgram" time="6.442" classname="jenkinsSample.SampleJenkins"/>
</testsuite> <!-- jenkinsSample.SampleJenkins -->
