<?xml version="1.0" encoding="UTF-8"?>
<!-- Generated by org.testng.reporters.JUnitReportReporter -->
<testsuite hostname="GKumar" name="sample.HelloWorld" tests="1" failures="0" timestamp="29 Aug 2017 16:40:21 GMT" time="0.014" errors="0">
  <testcase name="printHello" time="0.014" classname="sample.HelloWorld"/>
</testsuite> <!-- sample.HelloWorld -->
